<?xml version="1.0" encoding="UTF-8"?>
<!-- Generated by org.testng.reporters.JUnitReportReporter -->
<testsuite skipped="0" hostname="Jo" name="com.TestNG_FEATURES.Simple_annot_feature" tests="4" failures="0" timestamp="2022-07-23T12:39:44 IST" time="0.014" errors="0">
  <testcase name="women" time="0.009" classname="com.TestNG_FEATURES.Simple_annot_feature"/>
  <system-out/>
  <testcase name="men" time="0.002" classname="com.TestNG_FEATURES.Simple_annot_feature"/>
  <system-out/>
  <testcase name="men" time="0.001" classname="com.TestNG_FEATURES.Simple_annot_feature"/>
  <system-out/>
  <testcase name="kids" time="0.002" classname="com.TestNG_FEATURES.Simple_annot_feature"/>
  <system-out/>
</testsuite> <!-- com.TestNG_FEATURES.Simple_annot_feature -->
