<?xml version="1.0" encoding="UTF-8"?>
<!-- Generated by org.testng.reporters.JUnitReportReporter -->
<testsuite skipped="0" hostname="Jo" name="com.TestNG_FEATURES.Dependency_timeout_expexcept_feature" tests="4" failures="0" timestamp="2022-07-20T10:53:16 IST" time="6.036" errors="0">
  <testcase name="nlu" time="0.001" classname="com.TestNG_FEATURES.Dependency_timeout_expexcept_feature"/>
  <system-out/>
  <testcase name="Expectedexception" time="0.005" classname="com.TestNG_FEATURES.Dependency_timeout_expexcept_feature"/>
  <system-out/>
  <testcase name="timeout_method" time="6.030" classname="com.TestNG_FEATURES.Dependency_timeout_expexcept_feature"/>
  <system-out/>
  <testcase name="asr" time="0.000" classname="com.TestNG_FEATURES.Dependency_timeout_expexcept_feature"/>
  <system-out/>
</testsuite> <!-- com.TestNG_FEATURES.Dependency_timeout_expexcept_feature -->
