<?xml version="1.0" encoding="UTF-8"?>
<!-- Generated by org.testng.reporters.JUnitReportReporter -->
<testsuite skipped="0" hostname="Jo" name="com.TestNG_FEATURES.Parallel_test" tests="2" failures="0" timestamp="2022-04-15T12:21:32 IST" time="0.014" errors="0">
  <testcase name="ramalingam" time="0.002" classname="com.TestNG_FEATURES.Parallel_test"/>
  <system-out/>
  <testcase name="jothi" time="0.012" classname="com.TestNG_FEATURES.Parallel_test"/>
  <system-out/>
</testsuite> <!-- com.TestNG_FEATURES.Parallel_test -->
