<?xml version="1.0" encoding="UTF-8"?>
<!-- Generated by org.testng.reporters.JUnitReportReporter -->
<testsuite skipped="0" hostname="Jo" name="com.TestNG_FEATURES.Simple_annot_feature" tests="3" failures="0" timestamp="2022-04-12T14:24:39 IST" time="0.012" errors="0">
  <testcase name="women" time="0.008" classname="com.TestNG_FEATURES.Simple_annot_feature"/>
  <system-out/>
  <testcase name="men" time="0.002" classname="com.TestNG_FEATURES.Simple_annot_feature"/>
  <system-out/>
  <testcase name="kids" time="0.002" classname="com.TestNG_FEATURES.Simple_annot_feature"/>
  <system-out/>
</testsuite> <!-- com.TestNG_FEATURES.Simple_annot_feature -->
