<?xml version="1.0" encoding="UTF-8"?>
<!-- Generated by org.testng.reporters.JUnitReportReporter -->
<testsuite skipped="0" hostname="Jo" name="com.TestNG_FEATURES.Para_two" tests="1" failures="0" timestamp="2022-04-14T13:29:32 IST" time="0.002" errors="0">
  <testcase name="logout" time="0.002" classname="com.TestNG_FEATURES.Para_two"/>
  <system-out/>
</testsuite> <!-- com.TestNG_FEATURES.Para_two -->
