<?xml version="1.0" encoding="UTF-8"?>
<!-- Generated by org.testng.reporters.JUnitReportReporter -->
<testsuite skipped="0" hostname="Jo" name="com.TestNG_FEATURES.Parameterized_feature" tests="1" failures="0" timestamp="2022-04-14T13:29:32 IST" time="0.014" errors="0">
  <testcase name="loginpage" time="0.014" classname="com.TestNG_FEATURES.Parameterized_feature"/>
  <system-out/>
</testsuite> <!-- com.TestNG_FEATURES.Parameterized_feature -->
