<?xml version="1.0" encoding="UTF-8"?>
<!-- Generated by org.testng.reporters.JUnitReportReporter -->
<testsuite skipped="0" hostname="Jo" name="com.TestNG_FEATURES.Parallel_test" tests="2" failures="0" timestamp="2022-07-23T12:49:04 IST" time="0.013" errors="0">
  <testcase name="ramalingam" time="0.002" classname="com.TestNG_FEATURES.Parallel_test"/>
  <system-out/>
  <testcase name="jothi" time="0.011" classname="com.TestNG_FEATURES.Parallel_test"/>
  <system-out/>
</testsuite> <!-- com.TestNG_FEATURES.Parallel_test -->
