<?xml version="1.0" encoding="UTF-8"?>
<!-- Generated by org.testng.reporters.JUnitReportReporter -->
<testsuite skipped="0" hostname="Jo" name="com.TestNG_FEATURES.Data_provider" tests="4" failures="0" timestamp="2022-04-15T12:00:54 IST" time="0.020" errors="0">
  <testcase name="login" time="0.001" classname="com.TestNG_FEATURES.Data_provider"/>
  <system-out/>
  <testcase name="credent" time="0.017" classname="com.TestNG_FEATURES.Data_provider"/>
  <system-out/>
  <testcase name="login" time="0.001" classname="com.TestNG_FEATURES.Data_provider"/>
  <system-out/>
  <testcase name="logout" time="0.001" classname="com.TestNG_FEATURES.Data_provider"/>
  <system-out/>
</testsuite> <!-- com.TestNG_FEATURES.Data_provider -->
