<?xml version="1.0" encoding="UTF-8"?>
<!-- Generated by org.testng.reporters.JUnitReportReporter -->
<testsuite skipped="0" hostname="Jo" name="com.TestNG_FEATURES.Ignore_feature" tests="8" failures="0" timestamp="2022-07-20T10:44:45 IST" time="0.012" errors="0">
  <testcase name="eggrice" time="0.001" classname="com.TestNG_FEATURES.Ignore_feature"/>
  <system-out/>
  <testcase name="chickenrice" time="0.001" classname="com.TestNG_FEATURES.Ignore_feature"/>
  <system-out/>
  <testcase name="bmw" time="0.001" classname="com.TestNG_FEATURES.Ignore_feature"/>
  <system-out/>
  <testcase name="friedrice" time="0.001" classname="com.TestNG_FEATURES.Ignore_feature"/>
  <system-out/>
  <testcase name="hero" time="0.001" classname="com.TestNG_FEATURES.Ignore_feature"/>
  <system-out/>
  <testcase name="benz" time="0.005" classname="com.TestNG_FEATURES.Ignore_feature"/>
  <system-out/>
  <testcase name="paneerrice" time="0.001" classname="com.TestNG_FEATURES.Ignore_feature"/>
  <system-out/>
  <testcase name="honda" time="0.001" classname="com.TestNG_FEATURES.Ignore_feature"/>
  <system-out/>
</testsuite> <!-- com.TestNG_FEATURES.Ignore_feature -->
